Arguments: 
  C:\Program Files\nodejs\node.exe C:\Users\Diego\AppData\Roaming\npm\node_modules\yarn\bin\yarn.js add -D @types/react-emoji

PATH: 
  C:\Program Files\Git\mingw64\bin;C:\Program Files\Git\usr\bin;C:\Users\Diego\bin;C:\Python38\Scripts;C:\Python38;C:\Python27;C:\Python27\Scripts;C:\Program Files (x86)\Common Files\Oracle\Java\javapath;C:\Program Files (x86)\Intel\iCLS Client;C:\Program Files\Intel\iCLS Client;C:\windows\system32;C:\windows;C:\windows\System32\Wbem;C:\windows\System32\WindowsPowerShell\v1.0;C:\Program Files (x86)\Intel\Intel(R) Management Engine Components\DAL;C:\Program Files\Intel\Intel(R) Management Engine Components\DAL;C:\Program Files (x86)\Intel\Intel(R) Management Engine Components\IPT;C:\Program Files\Intel\Intel(R) Management Engine Components\IPT;C:\Program Files (x86)\NVIDIA Corporation\PhysX\Common;C:\WINDOWS\system32;C:\WINDOWS;C:\WINDOWS\System32\Wbem;C:\WINDOWS\System32\WindowsPowerShell\v1.0;C:\Program Files\MariaDB\bin;C:\Program Files\Git\cmd;C:\Program Files\Git\usr\bin;C:\Program Files (x86)\WinMerge;C:\dpin\PSC\RHPRO.NEU\Reportes;C:\WINDOWS\System32\OpenSSH;C:\Program Files\Oracle\VirtualBox;C:\Program Files (x86)\PostgreSQL Frontend\bin;C:\Program Files\dotnet;C:\Program Files\Microsoft SQL Server\130\Tools\Binn;C:\Program Files (x86)\Common Files\Acronis\VirtualFile;C:\Program Files (x86)\Common Files\Acronis\VirtualFile64;C:\Program Files (x86)\Common Files\Acronis\SnapAPI;C:\ProgramData\chocolatey\bin;C:\Program Files\Java\jdk1.8.0_211\bin;C:\Program Files\Docker\Docker\resources\bin;C:\ProgramData\DockerDesktop\version-bin;C:\Users\Diego\AppData\Roaming\nvm;C:\Program Files\nodejs;C:\Users\Diego\.windows-build-tools\python27;node_modules\npm\node_modules\npm-lifecycle\node-gyp-bin;C:\Users\Diego\AppData\Roaming\npm\node_modules\windows-build-tools\node_modules\.bin;C:\Users\Diego\AppData\Roaming\npm\node_modules\.bin;C:\Program Files\Docker\Docker\Resources\bin;C:\Windows\system32;C:\Windows;C:\Windows\System32\Wbem;C:\Windows\System32\WindowsPowerShell\v1.0;C:\Windows\System32\OpenSSH;C:\Users\Diego\AppData\Local\Programs\Python\Python37-32\Scripts;C:\Users\Diego\AppData\Local\Programs\Python\Python37-32;C:\Users\Diego\AppData\Local\Microsoft\WindowsApps;C:\Users\Diego\AppData\Local\Programs\Microsoft VS Code\bin;C:\Program Files\SQLite;C:\Users\Diego\AppData\Local\Microsoft\WindowsApps;C:\Program Files (x86)\ffmpeg\bin;C:\Program Files\ngrok;C:\Program Files\youtube-dl;C:\Program Files\gh\bin;C:\Users\Diego\AppData\Local\Android\Sdk;C:\Users\Diego\AppData\Local\Android\Sdk\platform-tools;C:\Users\Diego\AppData\Local\Android\Sdk\tools;%JDK_HOME%;C:\Program Files\conemu;C:\Program Files (x86)\GitHub CLI;C:\Users\Diego\AppData\Roaming\npm;C:\tools\neovim\Neovim\bin;C:\Users\Diego\AppData\Roaming\nvm;C:\Program Files\nodejs

Yarn version: 
  1.15.2

Node version: 
  12.18.4

Platform: 
  win32 x64

Trace: 
  Error: https://registry.yarnpkg.com/@types%2freact-emoji: Not found
      at Request.params.callback [as _callback] (C:\Users\Diego\AppData\Roaming\npm\node_modules\yarn\lib\cli.js:66058:18)
      at Request.self.callback (C:\Users\Diego\AppData\Roaming\npm\node_modules\yarn\lib\cli.js:129541:22)
      at Request.emit (events.js:315:20)
      at Request.<anonymous> (C:\Users\Diego\AppData\Roaming\npm\node_modules\yarn\lib\cli.js:130513:10)
      at Request.emit (events.js:315:20)
      at IncomingMessage.<anonymous> (C:\Users\Diego\AppData\Roaming\npm\node_modules\yarn\lib\cli.js:130435:12)
      at Object.onceWrapper (events.js:421:28)
      at IncomingMessage.emit (events.js:327:22)
      at endReadableNT (_stream_readable.js:1220:12)
      at processTicksAndRejections (internal/process/task_queues.js:84:21)

npm manifest: 
  No manifest

yarn manifest: 
  No manifest

Lockfile: 
  No lockfile
